<?xml version="1.0" encoding="UTF-8"?>
<!-- Generated by org.testng.reporters.JUnitXMLReporter -->
<testsuite hostname="Heaven-PC" ignored="1" name="TestCase2" tests="1" failures="0" timestamp="04 Jan 2019 10:17:35 GMT" time="9.566" errors="0">
  <testcase name="Test1" time="1.471" classname="com.MavenProject.CrossBrowserTesting"/>
  <testcase name="Test2" time="0.0" classname="com.MavenProject.CrossBrowserTesting">
    <ignored/>
  </testcase> <!-- Test2 -->
</testsuite> <!-- TestCase2 -->
